<?xml version="1.0" encoding="UTF-8"?>
<!-- Generated by org.testng.reporters.JUnitReportReporter -->
<testsuite hostname="LAPTOP-NMKFU7QB" failures="0" tests="2" name="testCases.TC_001_LoginTest_Grouping" time="0.000" errors="0" timestamp="2023-05-22T22:24:43 IST" skipped="0">
  <testcase classname="testCases.TC_001_LoginTest_Grouping" name="test_sanity" time="0.000"/>
  <system-out/>
  <testcase classname="testCases.TC_001_LoginTest_Grouping" name="test_smoke" time="0.000"/>
  <system-out/>
</testsuite> <!-- testCases.TC_001_LoginTest_Grouping -->
